Using pre-set license
Built from '2021.3/staging' branch; Version is '2021.3.1f1 (3b70a0754835) revision 3895456'; Using compiler version '192829333'; Build Type 'Release'
OS: 'Windows 10  (10.0.19045) 64bit Professional' Language: 'es' Physical Memory: 13243 MB
BatchMode: 1, IsHumanControllingUs: 0, StartBugReporterOnCrash: 0, Is64bit: 1, IsPro: 1

COMMAND LINE ARGUMENTS:
C:\Program Files\Unity\Hub\Editor\2021.3.1f1\Editor\Unity.exe
-adb2
-batchMode
-noUpm
-name
AssetImportWorker0
-projectPath
C:/Users/user/Documents/ULP/3 - Tercer a単o/Practica Profesional/Juego/El viaje de Xavrins
-logFile
Logs/AssetImportWorker0.log
-srvPort
53556
Successfully changed project path to: C:/Users/user/Documents/ULP/3 - Tercer a単o/Practica Profesional/Juego/El viaje de Xavrins
C:/Users/user/Documents/ULP/3 - Tercer a単o/Practica Profesional/Juego/El viaje de Xavrins
[UnityMemory] Configuration Parameters - Can be set up in boot.config
    "memorysetup-bucket-allocator-granularity=16"
    "memorysetup-bucket-allocator-bucket-count=8"
    "memorysetup-bucket-allocator-block-size=33554432"
    "memorysetup-bucket-allocator-block-count=8"
    "memorysetup-main-allocator-block-size=16777216"
    "memorysetup-thread-allocator-block-size=16777216"
    "memorysetup-gfx-main-allocator-block-size=16777216"
    "memorysetup-gfx-thread-allocator-block-size=16777216"
    "memorysetup-cache-allocator-block-size=4194304"
    "memorysetup-typetree-allocator-block-size=2097152"
    "memorysetup-profiler-bucket-allocator-granularity=16"
    "memorysetup-profiler-bucket-allocator-bucket-count=8"
    "memorysetup-profiler-bucket-allocator-block-size=33554432"
    "memorysetup-profiler-bucket-allocator-block-count=8"
    "memorysetup-profiler-allocator-block-size=16777216"
    "memorysetup-profiler-editor-allocator-block-size=1048576"
    "memorysetup-temp-allocator-size-main=16777216"
    "memorysetup-job-temp-allocator-block-size=2097152"
    "memorysetup-job-temp-allocator-block-size-background=1048576"
    "memorysetup-job-temp-allocator-reduction-small-platforms=262144"
    "memorysetup-temp-allocator-size-background-worker=32768"
    "memorysetup-temp-allocator-size-job-worker=262144"
    "memorysetup-temp-allocator-size-preload-manager=33554432"
    "memorysetup-temp-allocator-size-nav-mesh-worker=65536"
    "memorysetup-temp-allocator-size-audio-worker=65536"
    "memorysetup-temp-allocator-size-cloud-worker=32768"
    "memorysetup-temp-allocator-size-gi-baking-worker=262144"
    "memorysetup-temp-allocator-size-gfx=262144"
Refreshing native plugins compatible for Editor in 41.57 ms, found 2 plugins.
Preloading 0 native plugins for Editor in 0.00 ms.
Initialize engine version: 2021.3.1f1 (3b70a0754835)
[Subsystems] Discovering subsystems at path C:/Program Files/Unity/Hub/Editor/2021.3.1f1/Editor/Data/Resources/UnitySubsystems
[Subsystems] Discovering subsystems at path C:/Users/user/Documents/ULP/3 - Tercer a単o/Practica Profesional/Juego/El viaje de Xavrins/Assets
GfxDevice: creating device client; threaded=0; jobified=0
Direct3D:
    Version:  Direct3D 11.0 [level 11.1]
    Renderer: AMD Radeon(TM) Vega 8 Graphics (ID=0x15d8)
    Vendor:   ATI
    VRAM:     6621 MB
    Driver:   31.0.12029.1042
Initialize mono
Mono path[0] = 'C:/Program Files/Unity/Hub/Editor/2021.3.1f1/Editor/Data/Managed'
Mono path[1] = 'C:/Program Files/Unity/Hub/Editor/2021.3.1f1/Editor/Data/MonoBleedingEdge/lib/mono/unityjit-win32'
Mono config path = 'C:/Program Files/Unity/Hub/Editor/2021.3.1f1/Editor/Data/MonoBleedingEdge/etc'
Using monoOptions --debugger-agent=transport=dt_socket,embedding=1,server=y,suspend=n,address=127.0.0.1:56284
Begin MonoManager ReloadAssembly
Registering precompiled unity dll's ...
Register platform support module: C:/Program Files/Unity/Hub/Editor/2021.3.1f1/Editor/Data/PlaybackEngines/WindowsStandaloneSupport/UnityEditor.WindowsStandalone.Extensions.dll
Registered in 0.010780 seconds.
Native extension for WindowsStandalone target not found
Refreshing native plugins compatible for Editor in 38.24 ms, found 2 plugins.
Preloading 0 native plugins for Editor in 0.00 ms.
Mono: successfully reloaded assembly
- Completed reload, in  1.097 seconds
Domain Reload Profiling:
	ReloadAssembly (1097ms)
		BeginReloadAssembly (96ms)
			ExecutionOrderSort (0ms)
			DisableScriptedObjects (0ms)
			BackupInstance (0ms)
			ReleaseScriptingObjects (0ms)
			CreateAndSetChildDomain (1ms)
		EndReloadAssembly (684ms)
			LoadAssemblies (94ms)
			RebuildTransferFunctionScriptingTraits (0ms)
			SetupTypeCache (301ms)
			ReleaseScriptCaches (0ms)
			RebuildScriptCaches (31ms)
			SetupLoadedEditorAssemblies (276ms)
				LogAssemblyErrors (0ms)
				InitializePlatformSupportModulesInManaged (10ms)
				SetLoadedEditorAssemblies (0ms)
				RefreshPlugins (38ms)
				BeforeProcessingInitializeOnLoad (1ms)
				ProcessInitializeOnLoadAttributes (158ms)
				ProcessInitializeOnLoadMethodAttributes (68ms)
				AfterProcessingInitializeOnLoad (0ms)
				EditorAssembliesLoaded (0ms)
			ExecutionOrderSort2 (0ms)
			AwakeInstancesAfterBackupRestoration (0ms)
Platform modules already initialized, skipping
Registering precompiled user dll's ...
Registered in 0.004296 seconds.
Begin MonoManager ReloadAssembly
Symbol file LoadedFromMemory is not a mono symbol file
Native extension for WindowsStandalone target not found
Refreshing native plugins compatible for Editor in 0.43 ms, found 2 plugins.
Preloading 0 native plugins for Editor in 0.00 ms.
Mono: successfully reloaded assembly
- Completed reload, in  1.188 seconds
Domain Reload Profiling:
	ReloadAssembly (1188ms)
		BeginReloadAssembly (137ms)
			ExecutionOrderSort (0ms)
			DisableScriptedObjects (7ms)
			BackupInstance (0ms)
			ReleaseScriptingObjects (0ms)
			CreateAndSetChildDomain (20ms)
		EndReloadAssembly (899ms)
			LoadAssemblies (100ms)
			RebuildTransferFunctionScriptingTraits (0ms)
			SetupTypeCache (206ms)
			ReleaseScriptCaches (0ms)
			RebuildScriptCaches (59ms)
			SetupLoadedEditorAssemblies (484ms)
				LogAssemblyErrors (0ms)
				InitializePlatformSupportModulesInManaged (8ms)
				SetLoadedEditorAssemblies (1ms)
				RefreshPlugins (1ms)
				BeforeProcessingInitializeOnLoad (73ms)
				ProcessInitializeOnLoadAttributes (357ms)
				ProcessInitializeOnLoadMethodAttributes (30ms)
				AfterProcessingInitializeOnLoad (14ms)
				EditorAssembliesLoaded (0ms)
			ExecutionOrderSort2 (0ms)
			AwakeInstancesAfterBackupRestoration (7ms)
Platform modules already initialized, skipping
========================================================================
Worker process is ready to serve import requests
Launched and connected shader compiler UnityShaderCompiler.exe after 0.08 seconds
Refreshing native plugins compatible for Editor in 0.36 ms, found 2 plugins.
Preloading 0 native plugins for Editor in 0.00 ms.
Unloading 1757 Unused Serialized files (Serialized files now loaded: 0)
Unloading 30 unused Assets / (132.0 KB). Loaded Objects now: 2244.
Memory consumption went from 91.7 MB to 91.6 MB.
Total: 3.165500 ms (FindLiveObjects: 0.170300 ms CreateObjectMapping: 0.044400 ms MarkObjects: 2.815200 ms  DeleteObjects: 0.134500 ms)

AssetImportParameters requested are different than current active one (requested -> active):
  custom:video-decoder-ogg-theora: a1e56fd34408186e4bbccfd4996cb3dc -> 
  custom:container-muxer-webm: aa71ff27fc2769a1b78a27578f13a17b -> 
  custom:container-demuxer-webm: 4f35f7cbe854078d1ac9338744f61a02 -> 
  custom:video-encoder-webm-vp8: eb34c28f22e8b96e1ab97ce403110664 -> 
  custom:audio-encoder-webm-vorbis: bf7c407c2cedff20999df2af8eb42d56 -> 
  custom:framework-win-MediaFoundation: 216162199b28c13a410421893ffa2e32 -> 
  custom:container-demuxer-ogg: 62fdf1f143b41e24485cea50d1cbac27 -> 
  custom:video-decoder-webm-vp8: 9c59270c3fd7afecdb556c50c9e8de78 -> 
  custom:audio-decoder-ogg-vorbis: bf7c407c2cedff20999df2af8eb42d56 -> 
========================================================================
Received Import Request.
  Time since last request: 1420666.525276 seconds.
  path: Assets/Modelos/Personaje/Enemigo2/Animaciones/Enemigo2_Idle.anim
  artifactKey: Guid(1de7fc18c19f9fe4990d563d78347fad) Importer(815301076,1909f56bfc062723c751e8b465ee728b)
Start importing Assets/Modelos/Personaje/Enemigo2/Animaciones/Enemigo2_Idle.anim using Guid(1de7fc18c19f9fe4990d563d78347fad) Importer(815301076,1909f56bfc062723c751e8b465ee728b)  -> (artifact id: 'fc3703315c24b4cab178204a4fd8da97') in 0.071868 seconds 
========================================================================
Received Import Request.
  Time since last request: 0.000021 seconds.
  path: Assets/Modelos/Personaje/Enemigo2/Animaciones/Enemigo2_ReactGut.anim
  artifactKey: Guid(80117c18bb1049643914bda86f15af22) Importer(815301076,1909f56bfc062723c751e8b465ee728b)
Start importing Assets/Modelos/Personaje/Enemigo2/Animaciones/Enemigo2_ReactGut.anim using Guid(80117c18bb1049643914bda86f15af22) Importer(815301076,1909f56bfc062723c751e8b465ee728b)  -> (artifact id: '15e14209dd36ea7f41e4396d71e78cdf') in 0.034450 seconds 
========================================================================
Received Import Request.
  Time since last request: 0.000019 seconds.
  path: Assets/Modelos/Personaje/Enemigo2/Animaciones/Enemigo2_Death.anim
  artifactKey: Guid(a201333df556f654590cda49d62cd0e6) Importer(815301076,1909f56bfc062723c751e8b465ee728b)
Start importing Assets/Modelos/Personaje/Enemigo2/Animaciones/Enemigo2_Death.anim using Guid(a201333df556f654590cda49d62cd0e6) Importer(815301076,1909f56bfc062723c751e8b465ee728b)  -> (artifact id: '1f968ebf24492e60452922a483e5b4ad') in 0.051057 seconds 
========================================================================
Received Import Request.
  Time since last request: 0.000016 seconds.
  path: Assets/Modelos/Personaje/Enemigo2/Animaciones/Enemigo2_Attack.anim
  artifactKey: Guid(63d538e9ae1bbea42ac316cf10fab7dc) Importer(815301076,1909f56bfc062723c751e8b465ee728b)
Start importing Assets/Modelos/Personaje/Enemigo2/Animaciones/Enemigo2_Attack.anim using Guid(63d538e9ae1bbea42ac316cf10fab7dc) Importer(815301076,1909f56bfc062723c751e8b465ee728b)  -> (artifact id: '59ca7bb23e24c207da0df2df510c5903') in 0.052589 seconds 
========================================================================
Received Import Request.
  Time since last request: 0.000019 seconds.
  path: Assets/Modelos/Personaje/Enemigo2/Animaciones/Enemigo2_Walk.anim
  artifactKey: Guid(b52c0443ad7d96e43a3c3b15997bd951) Importer(815301076,1909f56bfc062723c751e8b465ee728b)
Start importing Assets/Modelos/Personaje/Enemigo2/Animaciones/Enemigo2_Walk.anim using Guid(b52c0443ad7d96e43a3c3b15997bd951) Importer(815301076,1909f56bfc062723c751e8b465ee728b)  -> (artifact id: '7540b002e3a66e21193276c7a920fdb6') in 0.034793 seconds 
========================================================================
Received Import Request.
  Time since last request: 8.566858 seconds.
  path: Assets/Modelos/Personaje/Enemigo2/Animaciones/Mutant Run.fbx
  artifactKey: Guid(a62c93f3f4e6d2143b8f106165cad0be) Importer(815301076,1909f56bfc062723c751e8b465ee728b)
Start importing Assets/Modelos/Personaje/Enemigo2/Animaciones/Mutant Run.fbx using Guid(a62c93f3f4e6d2143b8f106165cad0be) Importer(815301076,1909f56bfc062723c751e8b465ee728b)  -> (artifact id: '39ba089e17c2ae9c725fe6bbcfec90e5') in 0.062287 seconds 
========================================================================
Received Import Request.
  Time since last request: 26.975999 seconds.
  path: Assets/Modelos/Personaje/Enemigo2/Animaciones/Mutant Run.fbx
  artifactKey: Guid(a62c93f3f4e6d2143b8f106165cad0be) Importer(815301076,1909f56bfc062723c751e8b465ee728b)
Start importing Assets/Modelos/Personaje/Enemigo2/Animaciones/Mutant Run.fbx using Guid(a62c93f3f4e6d2143b8f106165cad0be) Importer(815301076,1909f56bfc062723c751e8b465ee728b)  -> (artifact id: 'cef86b43d34dd2fbd5d9f95049df51cf') in 0.009660 seconds 
========================================================================
Received Import Request.
  Time since last request: 8.137561 seconds.
  path: Assets/Modelos/Personaje/Enemigo2/Animaciones/Mutant Run.fbx
  artifactKey: Guid(a62c93f3f4e6d2143b8f106165cad0be) Importer(815301076,1909f56bfc062723c751e8b465ee728b)
Start importing Assets/Modelos/Personaje/Enemigo2/Animaciones/Mutant Run.fbx using Guid(a62c93f3f4e6d2143b8f106165cad0be) Importer(815301076,1909f56bfc062723c751e8b465ee728b)  -> (artifact id: '8b1a1e15c0975a89f07fce46908ab67c') in 0.010192 seconds 
========================================================================
Received Import Request.
  Time since last request: 20.460447 seconds.
  path: Assets/Modelos/Personaje/Enemigo2/Animaciones/Mutant Run.fbx
  artifactKey: Guid(a62c93f3f4e6d2143b8f106165cad0be) Importer(815301076,1909f56bfc062723c751e8b465ee728b)
Start importing Assets/Modelos/Personaje/Enemigo2/Animaciones/Mutant Run.fbx using Guid(a62c93f3f4e6d2143b8f106165cad0be) Importer(815301076,1909f56bfc062723c751e8b465ee728b)  -> (artifact id: 'cf8976b0e81488c22735a9a968f397fc') in 0.009367 seconds 
========================================================================
Received Prepare
Registering precompiled user dll's ...
Registered in 0.003551 seconds.
Begin MonoManager ReloadAssembly
Symbol file LoadedFromMemory is not a mono symbol file
Native extension for WindowsStandalone target not found
Refreshing native plugins compatible for Editor in 0.38 ms, found 2 plugins.
Preloading 0 native plugins for Editor in 0.00 ms.
Mono: successfully reloaded assembly
- Completed reload, in  1.077 seconds
Domain Reload Profiling:
	ReloadAssembly (1078ms)
		BeginReloadAssembly (144ms)
			ExecutionOrderSort (0ms)
			DisableScriptedObjects (6ms)
			BackupInstance (0ms)
			ReleaseScriptingObjects (0ms)
			CreateAndSetChildDomain (35ms)
		EndReloadAssembly (810ms)
			LoadAssemblies (94ms)
			RebuildTransferFunctionScriptingTraits (0ms)
			SetupTypeCache (196ms)
			ReleaseScriptCaches (1ms)
			RebuildScriptCaches (49ms)
			SetupLoadedEditorAssemblies (411ms)
				LogAssemblyErrors (0ms)
				InitializePlatformSupportModulesInManaged (16ms)
				SetLoadedEditorAssemblies (1ms)
				RefreshPlugins (0ms)
				BeforeProcessingInitializeOnLoad (63ms)
				ProcessInitializeOnLoadAttributes (282ms)
				ProcessInitializeOnLoadMethodAttributes (36ms)
				AfterProcessingInitializeOnLoad (13ms)
				EditorAssembliesLoaded (0ms)
			ExecutionOrderSort2 (0ms)
			AwakeInstancesAfterBackupRestoration (8ms)
Platform modules already initialized, skipping
Refreshing native plugins compatible for Editor in 1.88 ms, found 2 plugins.
Preloading 0 native plugins for Editor in 0.00 ms.
Unloading 1738 Unused Serialized files (Serialized files now loaded: 0)
Unloading 11 unused Assets / (95.3 KB). Loaded Objects now: 2259.
Memory consumption went from 90.1 MB to 90.0 MB.
Total: 3.335400 ms (FindLiveObjects: 0.150900 ms CreateObjectMapping: 0.040400 ms MarkObjects: 3.111200 ms  DeleteObjects: 0.031900 ms)

AssetImportParameters requested are different than current active one (requested -> active):
  custom:video-decoder-ogg-theora: a1e56fd34408186e4bbccfd4996cb3dc -> 
  custom:container-muxer-webm: aa71ff27fc2769a1b78a27578f13a17b -> 
  custom:container-demuxer-webm: 4f35f7cbe854078d1ac9338744f61a02 -> 
  custom:video-encoder-webm-vp8: eb34c28f22e8b96e1ab97ce403110664 -> 
  custom:audio-encoder-webm-vorbis: bf7c407c2cedff20999df2af8eb42d56 -> 
  custom:framework-win-MediaFoundation: 216162199b28c13a410421893ffa2e32 -> 
  custom:container-demuxer-ogg: 62fdf1f143b41e24485cea50d1cbac27 -> 
  custom:video-decoder-webm-vp8: 9c59270c3fd7afecdb556c50c9e8de78 -> 
  custom:audio-decoder-ogg-vorbis: bf7c407c2cedff20999df2af8eb42d56 -> 
